<?xml version="1.0" encoding="UTF-8"?>
<!-- Generated by org.testng.reporters.JUnitXMLReporter -->
<testsuite ignored="0" hostname="Rounit" failures="0" tests="6" name="Surefire test" time="0.126" errors="0" timestamp="07 Jul 2022 08:15:56 GMT">
  <testcase classname="com.rs.Mavenjava.APITest" name="deleteTwitter" time="0.023"/>
  <testcase classname="com.rs.Mavenjava.APITest" name="postJira" time="0.001"/>
  <testcase classname="com.rs.Mavenjava.AppiumTest" name="IOSApps" time="0.001"/>
  <testcase classname="com.rs.Mavenjava.AppiumTest" name="NativeAPpAndroid" time="0.001"/>
  <testcase classname="com.rs.Mavenjava.SeleniumTest" name="BrowserAUtomation" time="0.001"/>
  <testcase classname="com.rs.Mavenjava.SeleniumTest" name="elementsUi" time="0.001"/>
</testsuite> <!-- Surefire test -->
