<?xml version="1.0" encoding="UTF-8"?>
<!-- Generated by org.testng.reporters.JUnitXMLReporter -->
<testsuite ignored="0" hostname="Rounit" failures="0" tests="4" name="Test" time="0.134" errors="0" timestamp="07 Jul 2022 08:34:19 GMT">
  <testcase classname="com.rs.Mavenjava.SeleniumTest" name="BrowserAUtomation" time="0.034"/>
  <testcase classname="com.rs.Mavenjava.SeleniumTest" name="elementsUi" time="0.003"/>
  <testcase classname="com.rs.Mavenjava.AppiumTest" name="IOSApps" time="0.007"/>
  <testcase classname="com.rs.Mavenjava.AppiumTest" name="NativeAPpAndroid" time="0.005"/>
</testsuite> <!-- Test -->
