<?xml version="1.0" encoding="UTF-8"?>
<testsuite xmlns:xsi="http://www.w3.org/2001/XMLSchema-instance" xsi:noNamespaceSchemaLocation="https://maven.apache.org/surefire/maven-surefire-plugin/xsd/surefire-test-report-3.0.xsd" version="3.0" name="TestSuite" time="4.759" tests="4" errors="0" skipped="0" failures="0">
  <properties>
[...]
</properties>
  <testcase name="BrowserAUtomation" classname="com.rs.Mavenjava.SeleniumTest" time="0.037">
    <system-out><![CDATA[[TestNGContentHandler] [WARN] It is strongly recommended to add "<!DOCTYPE suite SYSTEM "http://testng.org/testng-1.0.dtd" >" at the top of your file, otherwise TestNG may fail or not work as expected.
BrowserAUtomation
]]></system-out>
  </testcase>
  <testcase name="elementsUi" classname="com.rs.Mavenjava.SeleniumTest" time="0.01">
    <system-out><![CDATA[elementsUi
]]></system-out>
  </testcase>
  <testcase name="IOSApps" classname="com.rs.Mavenjava.AppiumTest" time="0.009">
    <system-out><![CDATA[IOSApps
]]></system-out>
  </testcase>
  <testcase name="NativeAPpAndroid" classname="com.rs.Mavenjava.AppiumTest" time="0.006">
    <system-out><![CDATA[NativeAPpAndroid
]]></system-out>
  </testcase>
</testsuite>