<?xml version="1.0" encoding="UTF-8"?>
<testng-results ignored="0" total="4" passed="4" failed="0" skipped="0">
  <reporter-output>
  </reporter-output>
  <suite started-at="2022-07-07T08:34:19Z" name="Suite" finished-at="2022-07-07T08:34:19Z" duration-ms="134">
    <groups>
    </groups>
    <test started-at="2022-07-07T08:34:19Z" name="Test" finished-at="2022-07-07T08:34:19Z" duration-ms="134">
      <class name="com.rs.Mavenjava.SeleniumTest">
        <test-method signature="BrowserAUtomation()[pri:0, instance:com.rs.Mavenjava.SeleniumTest@7cb502c]" started-at="2022-07-07T14:04:19Z" name="BrowserAUtomation" finished-at="2022-07-07T14:04:19Z" duration-ms="34" status="PASS">
          <reporter-output>
          </reporter-output>
        </test-method> <!-- BrowserAUtomation -->
        <test-method signature="elementsUi()[pri:0, instance:com.rs.Mavenjava.SeleniumTest@7cb502c]" started-at="2022-07-07T14:04:19Z" name="elementsUi" finished-at="2022-07-07T14:04:19Z" duration-ms="3" status="PASS">
          <reporter-output>
          </reporter-output>
        </test-method> <!-- elementsUi -->
      </class> <!-- com.rs.Mavenjava.SeleniumTest -->
      <class name="com.rs.Mavenjava.AppiumTest">
        <test-method signature="IOSApps()[pri:0, instance:com.rs.Mavenjava.AppiumTest@12a94400]" started-at="2022-07-07T14:04:19Z" name="IOSApps" finished-at="2022-07-07T14:04:19Z" duration-ms="7" status="PASS">
          <reporter-output>
          </reporter-output>
        </test-method> <!-- IOSApps -->
        <test-method signature="NativeAPpAndroid()[pri:0, instance:com.rs.Mavenjava.AppiumTest@12a94400]" started-at="2022-07-07T14:04:19Z" name="NativeAPpAndroid" finished-at="2022-07-07T14:04:19Z" duration-ms="5" status="PASS">
          <reporter-output>
          </reporter-output>
        </test-method> <!-- NativeAPpAndroid -->
      </class> <!-- com.rs.Mavenjava.AppiumTest -->
    </test> <!-- Test -->
  </suite> <!-- Suite -->
</testng-results>
